openjdk version "21.0.10" 2026-01-20
OpenJDK Runtime Environment Homebrew (build 21.0.10)
OpenJDK 64-Bit Server VM Homebrew (build 21.0.10, mixed mode)
Module manifest file error on line 2 of file: /Users/rossfisher/Library/ghidra/ghidra_12.0.4_PUBLIC/Extensions/GhidraMCP/Module.manifest
	-> Invalid line encountered: GHIDRA_MODULE_NAME=GhidraMCP
Module manifest file error on line 3 of file: /Users/rossfisher/Library/ghidra/ghidra_12.0.4_PUBLIC/Extensions/GhidraMCP/Module.manifest
	-> Invalid line encountered: GHIDRA_MODULE_DESC=An HTTP server plugin for Ghidra
Module manifest file error on line 2 of file: /Users/rossfisher/Library/ghidra/ghidra_12.0.4_PUBLIC/Extensions/GhidraMCP/Module.manifest
	-> Invalid line encountered: GHIDRA_MODULE_NAME=GhidraMCP
Module manifest file error on line 3 of file: /Users/rossfisher/Library/ghidra/ghidra_12.0.4_PUBLIC/Extensions/GhidraMCP/Module.manifest
	-> Invalid line encountered: GHIDRA_MODULE_DESC=An HTTP server plugin for Ghidra
INFO  Using log config file: jar:file:/opt/homebrew/Cellar/ghidra/12.0.4/libexec/Ghidra/Framework/Generic/lib/Generic.jar!/generic.log4j.xml (LoggingInitialization)  
INFO  Using log file: /Users/rossfisher/Library/ghidra/ghidra_12.0.4_PUBLIC/application.log (LoggingInitialization)  
INFO  Loading user preferences: /Users/rossfisher/Library/ghidra/ghidra_12.0.4_PUBLIC/preferences (Preferences)  
INFO  Searching for classes... (ClassSearcher)  
INFO  Class search complete (505 ms) (ClassSearcher)  
INFO  Initializing SSL Context (DefaultSSLContextInitializer)  
INFO  Initializing Random Number Generator... (SecureRandomFactory)  
INFO  Random Number Generator initialization complete: NativePRNGNonBlocking (SecureRandomFactory)  
INFO  Trust manager disabled, cacerts have not been set (DefaultTrustManagerFactory)  
INFO  Headless startup complete (904 ms) (AnalyzeHeadless)  
INFO  Class searcher loaded 58 extension points (18 false positives) (ClassSearcher)  
INFO  HEADLESS Script Paths:
    /opt/homebrew/Cellar/ghidra/12.0.4/libexec/Ghidra/Features/Base/ghidra_scripts
    /opt/homebrew/Cellar/ghidra/12.0.4/libexec/Ghidra/Features/SystemEmulation/ghidra_scripts
    /opt/homebrew/Cellar/ghidra/12.0.4/libexec/Ghidra/Features/FileFormats/ghidra_scripts
    /opt/homebrew/Cellar/ghidra/12.0.4/libexec/Ghidra/Features/WildcardAssembler/ghidra_scripts
    /opt/homebrew/Cellar/ghidra/12.0.4/libexec/Ghidra/Features/BSim/ghidra_scripts
    /Users/rossfisher/ford-pscm-re/tools/ghidra_v850_patched/seeds
    /opt/homebrew/Cellar/ghidra/12.0.4/libexec/Ghidra/Processors/8051/ghidra_scripts
    /opt/homebrew/Cellar/ghidra/12.0.4/libexec/Ghidra/Features/BytePatterns/ghidra_scripts
    /opt/homebrew/Cellar/ghidra/12.0.4/libexec/Ghidra/Processors/Atmel/ghidra_scripts
    /opt/homebrew/Cellar/ghidra/12.0.4/libexec/Ghidra/Debug/Debugger-rmi-trace/ghidra_scripts
    /Users/rossfisher/ford-pscm-re/tools/scripts/transit_cleanup
    /opt/homebrew/Cellar/ghidra/12.0.4/libexec/Ghidra/Features/Jython/ghidra_scripts
    /Users/rossfisher/ford-pscm-re/tools/scripts
    /opt/homebrew/Cellar/ghidra/12.0.4/libexec/Ghidra/Processors/DATA/ghidra_scripts
    /opt/homebrew/Cellar/ghidra/12.0.4/libexec/Ghidra/Features/FunctionID/ghidra_scripts
    /opt/homebrew/Cellar/ghidra/12.0.4/libexec/Ghidra/Features/PyGhidra/ghidra_scripts
    /opt/homebrew/Cellar/ghidra/12.0.4/libexec/Ghidra/Features/MicrosoftCodeAnalyzer/ghidra_scripts
    /opt/homebrew/Cellar/ghidra/12.0.4/libexec/Ghidra/Features/SwiftDemangler/ghidra_scripts
    /opt/homebrew/Cellar/ghidra/12.0.4/libexec/Ghidra/Features/PDB/ghidra_scripts
    /opt/homebrew/Cellar/ghidra/12.0.4/libexec/Ghidra/Processors/JVM/ghidra_scripts
    /opt/homebrew/Cellar/ghidra/12.0.4/libexec/Ghidra/Features/Decompiler/ghidra_scripts
    /opt/homebrew/Cellar/ghidra/12.0.4/libexec/Ghidra/Features/GnuDemangler/ghidra_scripts
    /Users/rossfisher/ghidra_scripts
    /opt/homebrew/Cellar/ghidra/12.0.4/libexec/Ghidra/Features/VersionTracking/ghidra_scripts
    /opt/homebrew/Cellar/ghidra/12.0.4/libexec/Ghidra/Features/DecompilerDependent/ghidra_scripts
    /opt/homebrew/Cellar/ghidra/12.0.4/libexec/Ghidra/Processors/PIC/ghidra_scripts
    /opt/homebrew/Cellar/ghidra/12.0.4/libexec/Ghidra/Debug/Debugger/ghidra_scripts (HeadlessAnalyzer)  
INFO  HEADLESS: execution starts (HeadlessAnalyzer)  
INFO  Opening existing project: /Users/rossfisher/ford-pscm-re/analysis/headless_lift_ag_postcleanup/transit_block0/project/TransitBlock0Lift (HeadlessAnalyzer)  
INFO  Opening project: /Users/rossfisher/ford-pscm-re/analysis/headless_lift_ag_postcleanup/transit_block0/project/TransitBlock0Lift (HeadlessProject)  
INFO  REPORT: Processing read-only project file: /transit_pscm_KK21-3F964-AG_block0_strategy.bin (HeadlessAnalyzer)  
INFO  REPORT: Execute script: MeasureQuality.java  (HeadlessAnalyzer)  
INFO  SCRIPT: /Users/rossfisher/ford-pscm-re/tools/scripts/transit_cleanup/MeasureQuality.java (HeadlessAnalyzer)  
WARN  Decompiling 01007692, pcode error at 01007a02: Unable to resolve constructor at 01007a02 (DecompileCallback)  
WARN  Decompiling 0101782e, pcode error at 0100c356: Unable to resolve constructor at 0100c356 (DecompileCallback)  
WARN  Decompiling 0102718a, pcode error at 013d5ef2: Could not follow disassembly flow into non-existing memory at 013d5ef2 (DecompileCallback)  
WARN  Decompiling 010279de, pcode error at 91a38162: Could not follow disassembly flow into non-existing memory at 91a38162 (DecompileCallback)  
WARN  Decompiling 0104b202, pcode error at 0504bb6a: Could not follow disassembly flow into non-existing memory at 0504bb6a (DecompileCallback)  
WARN  Decompiling 01073418, pcode error at 69e61e8e: Could not follow disassembly flow into non-existing memory at 69e61e8e (DecompileCallback)  
WARN  Decompiling 0107425a, pcode error at 03e7cacc: Could not follow disassembly flow into non-existing memory at 03e7cacc (DecompileCallback)  
WARN  Decompiling 01074282, pcode error at 0288bea4: Could not follow disassembly flow into non-existing memory at 0288bea4 (DecompileCallback)  
WARN  Decompiling 010748e8, pcode error at 0178bfde: Could not follow disassembly flow into non-existing memory at 0178bfde (DecompileCallback)  
WARN  Decompiling 0107aff0, pcode error at 9d26d31c: Could not follow disassembly flow into non-existing memory at 9d26d31c (DecompileCallback)  
WARN  Decompiling 010817e0, pcode error at 71201e6c: Could not follow disassembly flow into non-existing memory at 71201e6c (DecompileCallback)  
WARN  Decompiling 01087744, pcode error at 005bbb62: Could not follow disassembly flow into non-existing memory at 005bbb62 (DecompileCallback)  
WARN  Decompiling 010886a2, pcode error at 0d9192f8: Could not follow disassembly flow into non-existing memory at 0d9192f8 (DecompileCallback)  
WARN  Decompiling 01088d8a, pcode error at 0d9199e0: Could not follow disassembly flow into non-existing memory at 0d9199e0 (DecompileCallback)  
WARN  Decompiling 010892da, pcode error at 6424973c: Could not follow disassembly flow into non-existing memory at 6424973c (DecompileCallback)  
WARN  Decompiling 0108b384, pcode error at 00f0f3e4: Could not follow disassembly flow into non-existing memory at 00f0f3e4 (DecompileCallback)  
WARN  Decompiling 0108e61a, pcode error at 00f10454: Could not follow disassembly flow into non-existing memory at 00f10454 (DecompileCallback)  
WARN  Decompiling 0108e976, pcode error at 00f10566: Could not follow disassembly flow into non-existing memory at 00f10566 (DecompileCallback)  
WARN  Decompiling 0108e976, pcode error at 00f10976: Could not follow disassembly flow into non-existing memory at 00f10976 (DecompileCallback)  
WARN  Decompiling 0109625e, pcode error at 8a2172e4: Could not follow disassembly flow into non-existing memory at 8a2172e4 (DecompileCallback)  
WARN  Decompiling 01096f40, pcode error at 350a72e4: Could not follow disassembly flow into non-existing memory at 350a72e4 (DecompileCallback)  
WARN  Decompiling 01098656, pcode error at ced091ca: Could not follow disassembly flow into non-existing memory at ced091ca (DecompileCallback)  
WARN  Decompiling 0109a06c, pcode error at e9c187d2: Could not follow disassembly flow into non-existing memory at e9c187d2 (DecompileCallback)  
WARN  Decompiling 0109a6a6, pcode error at d727ab7e: Could not follow disassembly flow into non-existing memory at d727ab7e (DecompileCallback)  
WARN  Decompiling 0109aa5c, pcode error at 2ffa387e: Could not follow disassembly flow into non-existing memory at 2ffa387e (DecompileCallback)  
WARN  Decompiling 0109aa5c, pcode error at 03ea949e: Could not follow disassembly flow into non-existing memory at 03ea949e (DecompileCallback)  
WARN  Decompiling 0109aa5c, pcode error at b1d172b2: Could not follow disassembly flow into non-existing memory at b1d172b2 (DecompileCallback)  
WARN  Decompiling 0109aea2, pcode error at e1c1543a: Could not follow disassembly flow into non-existing memory at e1c1543a (DecompileCallback)  
WARN  Decompiling 010a048a, pcode error at 88420352: Could not follow disassembly flow into non-existing memory at 88420352 (DecompileCallback)  
WARN  Decompiling 010a0dfa, pcode error at 030abab2: Could not follow disassembly flow into non-existing memory at 030abab2 (DecompileCallback)  
WARN  Decompiling 010a2490, pcode error at 9528c0ac: Could not follow disassembly flow into non-existing memory at 9528c0ac (DecompileCallback)  
WARN  Decompiling 010a26da, pcode error at 00f22f12: Could not follow disassembly flow into non-existing memory at 00f22f12 (DecompileCallback)  
WARN  Decompiling 010a26da, pcode error at 5142ec18: Could not follow disassembly flow into non-existing memory at 5142ec18 (DecompileCallback)  
WARN  Decompiling 010a56dc, pcode error at a97d7704: Could not follow disassembly flow into non-existing memory at a97d7704 (DecompileCallback)  
WARN  Decompiling 010acb9e, pcode error at c97b02aa: Could not follow disassembly flow into non-existing memory at c97b02aa (DecompileCallback)  
WARN  Decompiling 010acb9e, pcode error at 010b132c: Unable to resolve constructor at 010b132c (DecompileCallback)  
WARN  Decompiling 010ae43c, pcode error at df2a1b96: Could not follow disassembly flow into non-existing memory at df2a1b96 (DecompileCallback)  
WARN  Decompiling 010b97b2, pcode error at 41eca482: Could not follow disassembly flow into non-existing memory at 41eca482 (DecompileCallback)  
WARN  Decompiling 010b97b2, pcode error at d9e97f5c: Could not follow disassembly flow into non-existing memory at d9e97f5c (DecompileCallback)  
WARN  Decompiling 010b97b2, pcode error at c9e96118: Could not follow disassembly flow into non-existing memory at c9e96118 (DecompileCallback)  
WARN  Decompiling 010b9bb0, pcode error at c9e96118: Could not follow disassembly flow into non-existing memory at c9e96118 (DecompileCallback)  
WARN  Decompiling 010ba2f0, pcode error at 59eb496c: Could not follow disassembly flow into non-existing memory at 59eb496c (DecompileCallback)  
WARN  Decompiling 010ba506, pcode error at 1954ac70: Could not follow disassembly flow into non-existing memory at 1954ac70 (DecompileCallback)  
WARN  Decompiling 010ba92a, pcode error at 09ea4fa4: Could not follow disassembly flow into non-existing memory at 09ea4fa4 (DecompileCallback)  
WARN  Decompiling 010baa90, pcode error at b1ecaefc: Could not follow disassembly flow into non-existing memory at b1ecaefc (DecompileCallback)  
WARN  Decompiling 010babaa, pcode error at 03ec3448: Could not follow disassembly flow into non-existing memory at 03ec3448 (DecompileCallback)  
WARN  Decompiling 010babf2, pcode error at 39ea9574: Could not follow disassembly flow into non-existing memory at 39ea9574 (DecompileCallback)  
WARN  Decompiling 010bb166, pcode error at 850cb0ba: Could not follow disassembly flow into non-existing memory at 850cb0ba (DecompileCallback)  
WARN  Decompiling 010bb166, pcode error at 0b5fc31a: Could not follow disassembly flow into non-existing memory at 0b5fc31a (DecompileCallback)  
WARN  Decompiling 010bce92, pcode error at ef25515a: Could not follow disassembly flow into non-existing memory at ef25515a (DecompileCallback)  
WARN  Decompiling 010bd5ac, pcode error at c8b8702a: Could not follow disassembly flow into non-existing memory at c8b8702a (DecompileCallback)  
WARN  Decompiling 010be6b4, pcode error at 01288a7c: Could not follow disassembly flow into non-existing memory at 01288a7c (DecompileCallback)  
WARN  Decompiling 010be6b4, pcode error at 380cb920: Could not follow disassembly flow into non-existing memory at 380cb920 (DecompileCallback)  
WARN  Decompiling 010beac8, pcode error at 2fc2f59c: Could not follow disassembly flow into non-existing memory at 2fc2f59c (DecompileCallback)  
WARN  Decompiling 010beac8, pcode error at d1b8780e: Could not follow disassembly flow into non-existing memory at d1b8780e (DecompileCallback)  
WARN  Decompiling 010beac8, pcode error at 44e679f6: Could not follow disassembly flow into non-existing memory at 44e679f6 (DecompileCallback)  
WARN  Decompiling 010bfac0, pcode error at 497d1110: Could not follow disassembly flow into non-existing memory at 497d1110 (DecompileCallback)  
WARN  Decompiling 010c10d0, pcode error at 91e9dda6: Could not follow disassembly flow into non-existing memory at 91e9dda6 (DecompileCallback)  
WARN  Decompiling 010c10d0, pcode error at 85e9dd14: Could not follow disassembly flow into non-existing memory at 85e9dd14 (DecompileCallback)  
WARN  Decompiling 010c5f6c, pcode error at b1e54bd2: Could not follow disassembly flow into non-existing memory at b1e54bd2 (DecompileCallback)  
WARN  Decompiling 010c5f6c, pcode error at 00fd1274: Could not follow disassembly flow into non-existing memory at 00fd1274 (DecompileCallback)  
WARN  Decompiling 010c5f6c, pcode error at 31b8c81e: Could not follow disassembly flow into non-existing memory at 31b8c81e (DecompileCallback)  
WARN  Decompiling 010c5f6c, pcode error at e90fe6b4: Could not follow disassembly flow into non-existing memory at e90fe6b4 (DecompileCallback)  
WARN  Decompiling 010c7106, pcode error at b1b83848: Could not follow disassembly flow into non-existing memory at b1b83848 (DecompileCallback)  
WARN  Decompiling 010c7586, pcode error at 897d860e: Could not follow disassembly flow into non-existing memory at 897d860e (DecompileCallback)  
WARN  Decompiling 010c7a7a, pcode error at 99e445d8: Could not follow disassembly flow into non-existing memory at 99e445d8 (DecompileCallback)  
WARN  Decompiling 010c7b1a, pcode error at 0a418b64: Could not follow disassembly flow into non-existing memory at 0a418b64 (DecompileCallback)  
WARN  Decompiling 010c7dd4, pcode error at 29e3232a: Could not follow disassembly flow into non-existing memory at 29e3232a (DecompileCallback)  
WARN  Decompiling 010c8230, pcode error at dd4e825a: Could not follow disassembly flow into non-existing memory at dd4e825a (DecompileCallback)  
WARN  Decompiling 010c82f0, pcode error at 61e38e4a: Could not follow disassembly flow into non-existing memory at 61e38e4a (DecompileCallback)  
WARN  Decompiling 010cb3c2, pcode error at 01ee1464: Could not follow disassembly flow into non-existing memory at 01ee1464 (DecompileCallback)  
WARN  Decompiling 010cc812, pcode error at f3dcd454: Could not follow disassembly flow into non-existing memory at f3dcd454 (DecompileCallback)  
WARN  Decompiling 010cd328, pcode error at 8668da5a: Could not follow disassembly flow into non-existing memory at 8668da5a (DecompileCallback)  
WARN  Decompiling 010ce8da, pcode error at 89deaf58: Could not follow disassembly flow into non-existing memory at 89deaf58 (DecompileCallback)  
WARN  Decompiling 010ce8da, pcode error at 89deb000: Could not follow disassembly flow into non-existing memory at 89deb000 (DecompileCallback)  
WARN  Decompiling 010ce8da, pcode error at f1dd8e72: Could not follow disassembly flow into non-existing memory at f1dd8e72 (DecompileCallback)  
WARN  Decompiling 010ce8da, pcode error at 89deb0a6: Could not follow disassembly flow into non-existing memory at 89deb0a6 (DecompileCallback)  
WARN  Decompiling 010cf148, pcode error at 81b87676: Could not follow disassembly flow into non-existing memory at 81b87676 (DecompileCallback)  
WARN  Decompiling 010cf62a, pcode error at e97d2614: Could not follow disassembly flow into non-existing memory at e97d2614 (DecompileCallback)  
WARN  Decompiling 010cf970, pcode error at c9804ce6: Could not follow disassembly flow into non-existing memory at c9804ce6 (DecompileCallback)  
WARN  Decompiling 010d2220, pcode error at 0d2532b0: Could not follow disassembly flow into non-existing memory at 0d2532b0 (DecompileCallback)  
WARN  Decompiling 010d2cde, pcode error at c4dfd92a: Could not follow disassembly flow into non-existing memory at c4dfd92a (DecompileCallback)  
WARN  Decompiling 010d51c8, pcode error at ca41722e: Could not follow disassembly flow into non-existing memory at ca41722e (DecompileCallback)  
WARN  Decompiling 010d55a0, pcode error at 95e2fff8: Could not follow disassembly flow into non-existing memory at 95e2fff8 (DecompileCallback)  
WARN  Decompiling 010d5770, pcode error at 297eaef6: Could not follow disassembly flow into non-existing memory at 297eaef6 (DecompileCallback)  
WARN  Decompiling 010d699c, pcode error at db5fe9b6: Could not follow disassembly flow into non-existing memory at db5fe9b6 (DecompileCallback)  
WARN  Decompiling 010d7ad6, pcode error at 0d41ae30: Could not follow disassembly flow into non-existing memory at 0d41ae30 (DecompileCallback)  
WARN  Decompiling 010d8192, pcode error at 852994c4: Could not follow disassembly flow into non-existing memory at 852994c4 (DecompileCallback)  
WARN  Decompiling 010d8b7e, pcode error at 010da5f6: Unable to resolve constructor at 010da5f6 (DecompileCallback)  
WARN  Decompiling 010da010, pcode error at 010da5f6: Unable to resolve constructor at 010da5f6 (DecompileCallback)  
WARN  Decompiling 010ed422, pcode error at 010ffff0: Could not follow disassembly flow into non-existing memory at 010ffff0 (DecompileCallback)  
INFO  MeasureQuality.java> MEASURE total=267 halt_baddata=72 bad_bm=116 median_size=62 (GhidraScript)  
