openjdk version "21.0.10" 2026-01-20
OpenJDK Runtime Environment Homebrew (build 21.0.10)
OpenJDK 64-Bit Server VM Homebrew (build 21.0.10, mixed mode)
Module manifest file error on line 2 of file: /Users/rossfisher/Library/ghidra/ghidra_12.0.4_PUBLIC/Extensions/GhidraMCP/Module.manifest
	-> Invalid line encountered: GHIDRA_MODULE_NAME=GhidraMCP
Module manifest file error on line 3 of file: /Users/rossfisher/Library/ghidra/ghidra_12.0.4_PUBLIC/Extensions/GhidraMCP/Module.manifest
	-> Invalid line encountered: GHIDRA_MODULE_DESC=An HTTP server plugin for Ghidra
Module manifest file error on line 2 of file: /Users/rossfisher/Library/ghidra/ghidra_12.0.4_PUBLIC/Extensions/GhidraMCP/Module.manifest
	-> Invalid line encountered: GHIDRA_MODULE_NAME=GhidraMCP
Module manifest file error on line 3 of file: /Users/rossfisher/Library/ghidra/ghidra_12.0.4_PUBLIC/Extensions/GhidraMCP/Module.manifest
	-> Invalid line encountered: GHIDRA_MODULE_DESC=An HTTP server plugin for Ghidra
INFO  Using log config file: jar:file:/opt/homebrew/Cellar/ghidra/12.0.4/libexec/Ghidra/Framework/Generic/lib/Generic.jar!/generic.log4j.xml (LoggingInitialization)  
INFO  Using log file: /Users/rossfisher/Library/ghidra/ghidra_12.0.4_PUBLIC/application.log (LoggingInitialization)  
INFO  Loading user preferences: /Users/rossfisher/Library/ghidra/ghidra_12.0.4_PUBLIC/preferences (Preferences)  
INFO  Searching for classes... (ClassSearcher)  
INFO  Class search complete (499 ms) (ClassSearcher)  
INFO  Initializing SSL Context (DefaultSSLContextInitializer)  
INFO  Initializing Random Number Generator... (SecureRandomFactory)  
INFO  Random Number Generator initialization complete: NativePRNGNonBlocking (SecureRandomFactory)  
INFO  Trust manager disabled, cacerts have not been set (DefaultTrustManagerFactory)  
INFO  Headless startup complete (917 ms) (AnalyzeHeadless)  
INFO  Class searcher loaded 58 extension points (18 false positives) (ClassSearcher)  
INFO  HEADLESS Script Paths:
    /opt/homebrew/Cellar/ghidra/12.0.4/libexec/Ghidra/Features/Base/ghidra_scripts
    /opt/homebrew/Cellar/ghidra/12.0.4/libexec/Ghidra/Features/SystemEmulation/ghidra_scripts
    /opt/homebrew/Cellar/ghidra/12.0.4/libexec/Ghidra/Features/FileFormats/ghidra_scripts
    /opt/homebrew/Cellar/ghidra/12.0.4/libexec/Ghidra/Features/WildcardAssembler/ghidra_scripts
    /opt/homebrew/Cellar/ghidra/12.0.4/libexec/Ghidra/Features/BSim/ghidra_scripts
    /Users/rossfisher/ford-pscm-re/tools/ghidra_v850_patched/seeds
    /opt/homebrew/Cellar/ghidra/12.0.4/libexec/Ghidra/Processors/8051/ghidra_scripts
    /opt/homebrew/Cellar/ghidra/12.0.4/libexec/Ghidra/Features/BytePatterns/ghidra_scripts
    /opt/homebrew/Cellar/ghidra/12.0.4/libexec/Ghidra/Processors/Atmel/ghidra_scripts
    /opt/homebrew/Cellar/ghidra/12.0.4/libexec/Ghidra/Debug/Debugger-rmi-trace/ghidra_scripts
    /Users/rossfisher/ford-pscm-re/tools/scripts/transit_cleanup
    /opt/homebrew/Cellar/ghidra/12.0.4/libexec/Ghidra/Features/Jython/ghidra_scripts
    /Users/rossfisher/ford-pscm-re/tools/scripts
    /opt/homebrew/Cellar/ghidra/12.0.4/libexec/Ghidra/Processors/DATA/ghidra_scripts
    /opt/homebrew/Cellar/ghidra/12.0.4/libexec/Ghidra/Features/FunctionID/ghidra_scripts
    /opt/homebrew/Cellar/ghidra/12.0.4/libexec/Ghidra/Features/PyGhidra/ghidra_scripts
    /opt/homebrew/Cellar/ghidra/12.0.4/libexec/Ghidra/Features/MicrosoftCodeAnalyzer/ghidra_scripts
    /opt/homebrew/Cellar/ghidra/12.0.4/libexec/Ghidra/Features/SwiftDemangler/ghidra_scripts
    /opt/homebrew/Cellar/ghidra/12.0.4/libexec/Ghidra/Features/PDB/ghidra_scripts
    /opt/homebrew/Cellar/ghidra/12.0.4/libexec/Ghidra/Processors/JVM/ghidra_scripts
    /opt/homebrew/Cellar/ghidra/12.0.4/libexec/Ghidra/Features/Decompiler/ghidra_scripts
    /opt/homebrew/Cellar/ghidra/12.0.4/libexec/Ghidra/Features/GnuDemangler/ghidra_scripts
    /Users/rossfisher/ghidra_scripts
    /opt/homebrew/Cellar/ghidra/12.0.4/libexec/Ghidra/Features/VersionTracking/ghidra_scripts
    /opt/homebrew/Cellar/ghidra/12.0.4/libexec/Ghidra/Features/DecompilerDependent/ghidra_scripts
    /opt/homebrew/Cellar/ghidra/12.0.4/libexec/Ghidra/Processors/PIC/ghidra_scripts
    /opt/homebrew/Cellar/ghidra/12.0.4/libexec/Ghidra/Debug/Debugger/ghidra_scripts (HeadlessAnalyzer)  
INFO  HEADLESS: execution starts (HeadlessAnalyzer)  
INFO  Opening existing project: /Users/rossfisher/ford-pscm-re/analysis/headless_lift_ag_elforacle/transit_block0/project/TransitBlock0Lift (HeadlessAnalyzer)  
INFO  Opening project: /Users/rossfisher/ford-pscm-re/analysis/headless_lift_ag_elforacle/transit_block0/project/TransitBlock0Lift (HeadlessProject)  
INFO  REPORT: Processing project file: /transit_pscm_KK21-3F964-AG_block0_strategy.bin (HeadlessAnalyzer)  
INFO  REPORT: Execute script: RH850SwitchTableDetector.java  (HeadlessAnalyzer)  
INFO  SCRIPT: /Users/rossfisher/ford-pscm-re/tools/scripts/transit_cleanup/RH850SwitchTableDetector.java (HeadlessAnalyzer)  
INFO  RH850SwitchTableDetector.java> Table at 01014e74: 3 entries (16-bit, scale=2, mode=rel16s) (GhidraScript)  
INFO  RH850SwitchTableDetector.java> Table at 01038986: 4 entries (16-bit, scale=2, mode=rel16s) (GhidraScript)  
INFO  RH850SwitchTableDetector.java> Table at 01048a9c: 3 entries (16-bit, scale=2, mode=rel16s) (GhidraScript)  
INFO  RH850SwitchTableDetector.java> Table at 010671a0: 3 entries (16-bit, scale=2, mode=rel16s) (GhidraScript)  
INFO  RH850SwitchTableDetector.java> Table at 0106d1bc: 4 entries (16-bit, scale=2, mode=rel16s) (GhidraScript)  
INFO  RH850SwitchTableDetector.java> Table at 010b453e: 9 entries (16-bit, scale=1, mode=rel16u) (GhidraScript)  
INFO  RH850SwitchTableDetector.java> ============================================================ (GhidraScript)  
INFO  RH850SwitchTableDetector.java> RH850 Switch Table Detector — Complete (GhidraScript)  
INFO  RH850SwitchTableDetector.java>   Tables found:   6 (GhidraScript)  
INFO  RH850SwitchTableDetector.java>   Total entries:  26 (GhidraScript)  
INFO  RH850SwitchTableDetector.java>   Bytes cleared:  0 (GhidraScript)  
INFO  RH850SwitchTableDetector.java> ============================================================ (GhidraScript)  
INFO  REPORT: Save succeeded for processed file: /transit_pscm_KK21-3F964-AG_block0_strategy.bin (HeadlessAnalyzer)  
