openjdk version "21.0.10" 2026-01-20
OpenJDK Runtime Environment Homebrew (build 21.0.10)
OpenJDK 64-Bit Server VM Homebrew (build 21.0.10, mixed mode)
Module manifest file error on line 2 of file: /Users/rossfisher/Library/ghidra/ghidra_12.0.4_PUBLIC/Extensions/GhidraMCP/Module.manifest
	-> Invalid line encountered: GHIDRA_MODULE_NAME=GhidraMCP
Module manifest file error on line 3 of file: /Users/rossfisher/Library/ghidra/ghidra_12.0.4_PUBLIC/Extensions/GhidraMCP/Module.manifest
	-> Invalid line encountered: GHIDRA_MODULE_DESC=An HTTP server plugin for Ghidra
Module manifest file error on line 2 of file: /Users/rossfisher/Library/ghidra/ghidra_12.0.4_PUBLIC/Extensions/GhidraMCP/Module.manifest
	-> Invalid line encountered: GHIDRA_MODULE_NAME=GhidraMCP
Module manifest file error on line 3 of file: /Users/rossfisher/Library/ghidra/ghidra_12.0.4_PUBLIC/Extensions/GhidraMCP/Module.manifest
	-> Invalid line encountered: GHIDRA_MODULE_DESC=An HTTP server plugin for Ghidra
INFO  Using log config file: jar:file:/opt/homebrew/Cellar/ghidra/12.0.4/libexec/Ghidra/Framework/Generic/lib/Generic.jar!/generic.log4j.xml (LoggingInitialization)  
INFO  Using log file: /Users/rossfisher/Library/ghidra/ghidra_12.0.4_PUBLIC/application.log (LoggingInitialization)  
INFO  Loading user preferences: /Users/rossfisher/Library/ghidra/ghidra_12.0.4_PUBLIC/preferences (Preferences)  
INFO  Searching for classes... (ClassSearcher)  
INFO  Class search complete (500 ms) (ClassSearcher)  
INFO  Initializing SSL Context (DefaultSSLContextInitializer)  
INFO  Initializing Random Number Generator... (SecureRandomFactory)  
INFO  Random Number Generator initialization complete: NativePRNGNonBlocking (SecureRandomFactory)  
INFO  Trust manager disabled, cacerts have not been set (DefaultTrustManagerFactory)  
INFO  Headless startup complete (919 ms) (AnalyzeHeadless)  
INFO  Class searcher loaded 58 extension points (18 false positives) (ClassSearcher)  
INFO  HEADLESS Script Paths:
    /opt/homebrew/Cellar/ghidra/12.0.4/libexec/Ghidra/Features/Base/ghidra_scripts
    /opt/homebrew/Cellar/ghidra/12.0.4/libexec/Ghidra/Features/SystemEmulation/ghidra_scripts
    /opt/homebrew/Cellar/ghidra/12.0.4/libexec/Ghidra/Features/FileFormats/ghidra_scripts
    /opt/homebrew/Cellar/ghidra/12.0.4/libexec/Ghidra/Features/WildcardAssembler/ghidra_scripts
    /opt/homebrew/Cellar/ghidra/12.0.4/libexec/Ghidra/Features/BSim/ghidra_scripts
    /Users/rossfisher/ford-pscm-re/tools/ghidra_v850_patched/seeds
    /opt/homebrew/Cellar/ghidra/12.0.4/libexec/Ghidra/Processors/8051/ghidra_scripts
    /opt/homebrew/Cellar/ghidra/12.0.4/libexec/Ghidra/Features/BytePatterns/ghidra_scripts
    /opt/homebrew/Cellar/ghidra/12.0.4/libexec/Ghidra/Processors/Atmel/ghidra_scripts
    /opt/homebrew/Cellar/ghidra/12.0.4/libexec/Ghidra/Debug/Debugger-rmi-trace/ghidra_scripts
    /Users/rossfisher/ford-pscm-re/tools/scripts/transit_cleanup
    /opt/homebrew/Cellar/ghidra/12.0.4/libexec/Ghidra/Features/Jython/ghidra_scripts
    /Users/rossfisher/ford-pscm-re/tools/scripts
    /opt/homebrew/Cellar/ghidra/12.0.4/libexec/Ghidra/Processors/DATA/ghidra_scripts
    /opt/homebrew/Cellar/ghidra/12.0.4/libexec/Ghidra/Features/FunctionID/ghidra_scripts
    /opt/homebrew/Cellar/ghidra/12.0.4/libexec/Ghidra/Features/PyGhidra/ghidra_scripts
    /opt/homebrew/Cellar/ghidra/12.0.4/libexec/Ghidra/Features/MicrosoftCodeAnalyzer/ghidra_scripts
    /opt/homebrew/Cellar/ghidra/12.0.4/libexec/Ghidra/Features/SwiftDemangler/ghidra_scripts
    /opt/homebrew/Cellar/ghidra/12.0.4/libexec/Ghidra/Features/PDB/ghidra_scripts
    /opt/homebrew/Cellar/ghidra/12.0.4/libexec/Ghidra/Processors/JVM/ghidra_scripts
    /opt/homebrew/Cellar/ghidra/12.0.4/libexec/Ghidra/Features/Decompiler/ghidra_scripts
    /opt/homebrew/Cellar/ghidra/12.0.4/libexec/Ghidra/Features/GnuDemangler/ghidra_scripts
    /Users/rossfisher/ghidra_scripts
    /opt/homebrew/Cellar/ghidra/12.0.4/libexec/Ghidra/Features/VersionTracking/ghidra_scripts
    /opt/homebrew/Cellar/ghidra/12.0.4/libexec/Ghidra/Features/DecompilerDependent/ghidra_scripts
    /opt/homebrew/Cellar/ghidra/12.0.4/libexec/Ghidra/Processors/PIC/ghidra_scripts
    /opt/homebrew/Cellar/ghidra/12.0.4/libexec/Ghidra/Debug/Debugger/ghidra_scripts (HeadlessAnalyzer)  
INFO  HEADLESS: execution starts (HeadlessAnalyzer)  
INFO  Opening existing project: /Users/rossfisher/ford-pscm-re/analysis/headless_lift_ag_elforacle/transit_block0/project/TransitBlock0Lift (HeadlessAnalyzer)  
INFO  Opening project: /Users/rossfisher/ford-pscm-re/analysis/headless_lift_ag_elforacle/transit_block0/project/TransitBlock0Lift (HeadlessProject)  
INFO  REPORT: Processing read-only project file: /transit_pscm_KK21-3F964-AG_block0_strategy.bin (HeadlessAnalyzer)  
INFO  REPORT: Execute script: MeasureQuality.java  (HeadlessAnalyzer)  
INFO  SCRIPT: /Users/rossfisher/ford-pscm-re/tools/scripts/transit_cleanup/MeasureQuality.java (HeadlessAnalyzer)  
WARN  Decompiling 01007692, pcode error at 01007a02: Unable to resolve constructor at 01007a02 (DecompileCallback)  
WARN  Decompiling 0100b5e8, pcode error at 0100c356: Unable to resolve constructor at 0100c356 (DecompileCallback)  
WARN  Decompiling 0101782e, pcode error at 0100c356: Unable to resolve constructor at 0100c356 (DecompileCallback)  
WARN  Decompiling 0101f43e, pcode error at 91a39a6e: Could not follow disassembly flow into non-existing memory at 91a39a6e (DecompileCallback)  
WARN  Decompiling 010242d0, pcode error at fe924828: Could not follow disassembly flow into non-existing memory at fe924828 (DecompileCallback)  
WARN  Decompiling 010245ac, pcode error at bd0a6548: Could not follow disassembly flow into non-existing memory at bd0a6548 (DecompileCallback)  
WARN  Decompiling 01027036, pcode error at 09035c7c: Could not follow disassembly flow into non-existing memory at 09035c7c (DecompileCallback)  
WARN  Decompiling 0102718a, pcode error at 013d5ef2: Could not follow disassembly flow into non-existing memory at 013d5ef2 (DecompileCallback)  
WARN  Decompiling 01027290, pcode error at 09035dd6: Could not follow disassembly flow into non-existing memory at 09035dd6 (DecompileCallback)  
WARN  Decompiling 010274ee, pcode error at 09036034: Could not follow disassembly flow into non-existing memory at 09036034 (DecompileCallback)  
WARN  Decompiling 010279de, pcode error at 91a38162: Could not follow disassembly flow into non-existing memory at 91a38162 (DecompileCallback)  
WARN  Decompiling 01027ce8, pcode error at 0903682e: Could not follow disassembly flow into non-existing memory at 0903682e (DecompileCallback)  
WARN  Decompiling 01027f52, pcode error at 09036a98: Could not follow disassembly flow into non-existing memory at 09036a98 (DecompileCallback)  
WARN  Decompiling 01028a02, pcode error at 09037548: Could not follow disassembly flow into non-existing memory at 09037548 (DecompileCallback)  
WARN  Decompiling 01028ca2, pcode error at 013d7b04: Could not follow disassembly flow into non-existing memory at 013d7b04 (DecompileCallback)  
WARN  Decompiling 010290ce, pcode error at 09037c14: Could not follow disassembly flow into non-existing memory at 09037c14 (DecompileCallback)  
WARN  Decompiling 01029f2c, pcode error at 09038972: Could not follow disassembly flow into non-existing memory at 09038972 (DecompileCallback)  
WARN  Decompiling 0102a3fa, pcode error at 09039040: Could not follow disassembly flow into non-existing memory at 09039040 (DecompileCallback)  
WARN  Decompiling 0102a658, pcode error at 0903929e: Could not follow disassembly flow into non-existing memory at 0903929e (DecompileCallback)  
WARN  Decompiling 0102a956, pcode error at 0903959c: Could not follow disassembly flow into non-existing memory at 0903959c (DecompileCallback)  
WARN  Decompiling 0102aef2, pcode error at 09039b38: Could not follow disassembly flow into non-existing memory at 09039b38 (DecompileCallback)  
WARN  Decompiling 0102b188, pcode error at 09039dce: Could not follow disassembly flow into non-existing memory at 09039dce (DecompileCallback)  
WARN  Decompiling 0102b30e, pcode error at 09039f54: Could not follow disassembly flow into non-existing memory at 09039f54 (DecompileCallback)  
WARN  Decompiling 0102b518, pcode error at 0903a15e: Could not follow disassembly flow into non-existing memory at 0903a15e (DecompileCallback)  
WARN  Decompiling 0102b6cc, pcode error at 0903a312: Could not follow disassembly flow into non-existing memory at 0903a312 (DecompileCallback)  
WARN  Decompiling 0102b902, pcode error at 0903a548: Could not follow disassembly flow into non-existing memory at 0903a548 (DecompileCallback)  
WARN  Decompiling 0102bb2e, pcode error at 6d542fd8: Could not follow disassembly flow into non-existing memory at 6d542fd8 (DecompileCallback)  
WARN  Decompiling 0102bc94, pcode error at 0903a8da: Could not follow disassembly flow into non-existing memory at 0903a8da (DecompileCallback)  
WARN  Decompiling 0102be1a, pcode error at 0903aa60: Could not follow disassembly flow into non-existing memory at 0903aa60 (DecompileCallback)  
WARN  Decompiling 0102bfa0, pcode error at 0903abe6: Could not follow disassembly flow into non-existing memory at 0903abe6 (DecompileCallback)  
WARN  Decompiling 0102c35a, pcode error at 4026f428: Could not follow disassembly flow into non-existing memory at 4026f428 (DecompileCallback)  
WARN  Decompiling 0102cbdc, pcode error at 0903b822: Could not follow disassembly flow into non-existing memory at 0903b822 (DecompileCallback)  
WARN  Decompiling 0102cd62, pcode error at 0903b9a8: Could not follow disassembly flow into non-existing memory at 0903b9a8 (DecompileCallback)  
WARN  Decompiling 0102d498, pcode error at 0903c0de: Could not follow disassembly flow into non-existing memory at 0903c0de (DecompileCallback)  
WARN  Decompiling 01042cd0, pcode error at e9070e4c: Could not follow disassembly flow into non-existing memory at e9070e4c (DecompileCallback)  
WARN  Decompiling 01042cd0, pcode error at 1f07cf1a: Could not follow disassembly flow into non-existing memory at 1f07cf1a (DecompileCallback)  
WARN  Decompiling 01042d28, pcode error at 1f07cf1a: Could not follow disassembly flow into non-existing memory at 1f07cf1a (DecompileCallback)  
WARN  Decompiling 01046cd2, pcode error at d4311be0: Could not follow disassembly flow into non-existing memory at d4311be0 (DecompileCallback)  
WARN  Decompiling 0104a3b8, pcode error at 8962911c: Could not follow disassembly flow into non-existing memory at 8962911c (DecompileCallback)  
WARN  Decompiling 0104b202, pcode error at 0504bb6a: Could not follow disassembly flow into non-existing memory at 0504bb6a (DecompileCallback)  
WARN  Decompiling 0104f068, pcode error at c53906e8: Could not follow disassembly flow into non-existing memory at c53906e8 (DecompileCallback)  
WARN  Decompiling 0104f19e, pcode error at 03e59a24: Could not follow disassembly flow into non-existing memory at 03e59a24 (DecompileCallback)  
WARN  Decompiling 0104fa22, pcode error at 5164faae: Could not follow disassembly flow into non-existing memory at 5164faae (DecompileCallback)  
WARN  Decompiling 01053bf2, pcode error at 00e9b07e: Could not follow disassembly flow into non-existing memory at 00e9b07e (DecompileCallback)  
WARN  Decompiling 010548c2, pcode error at 3bdfd318: Could not follow disassembly flow into non-existing memory at 3bdfd318 (DecompileCallback)  
WARN  Decompiling 01054924, pcode error at b9e45180: Could not follow disassembly flow into non-existing memory at b9e45180 (DecompileCallback)  
WARN  Decompiling 010590f4, pcode error at ae35a754: Could not follow disassembly flow into non-existing memory at ae35a754 (DecompileCallback)  
WARN  Decompiling 01059978, pcode error at 3fe1a3a2: Could not follow disassembly flow into non-existing memory at 3fe1a3a2 (DecompileCallback)  
WARN  Decompiling 01059ad4, pcode error at 2131a838: Could not follow disassembly flow into non-existing memory at 2131a838 (DecompileCallback)  
WARN  Decompiling 0105a096, pcode error at fc2824d4: Could not follow disassembly flow into non-existing memory at fc2824d4 (DecompileCallback)  
WARN  Decompiling 0105a2c8, pcode error at c1e74734: Could not follow disassembly flow into non-existing memory at c1e74734 (DecompileCallback)  
WARN  Decompiling 0105a35a, pcode error at ab59aa26: Could not follow disassembly flow into non-existing memory at ab59aa26 (DecompileCallback)  
WARN  Decompiling 0105bba0, pcode error at 410760ec: Could not follow disassembly flow into non-existing memory at 410760ec (DecompileCallback)  
WARN  Decompiling 0105d790, pcode error at c4c2d9a6: Could not follow disassembly flow into non-existing memory at c4c2d9a6 (DecompileCallback)  
WARN  Decompiling 01067872, pcode error at e47ad670: Could not follow disassembly flow into non-existing memory at e47ad670 (DecompileCallback)  
WARN  Decompiling 0106c384, pcode error at 91a7cbfc: Could not follow disassembly flow into non-existing memory at 91a7cbfc (DecompileCallback)  
WARN  Decompiling 0106c3c2, pcode error at 91a7cc3a: Could not follow disassembly flow into non-existing memory at 91a7cc3a (DecompileCallback)  
WARN  Decompiling 0106c456, pcode error at 0106c3a0: Unable to resolve constructor at 0106c3a0 (DecompileCallback)  
WARN  Decompiling 0106c456, pcode error at 91a7cc3a: Could not follow disassembly flow into non-existing memory at 91a7cc3a (DecompileCallback)  
WARN  Decompiling 0106dcac, pcode error at 0117e3e2: Could not follow disassembly flow into non-existing memory at 0117e3e2 (DecompileCallback)  
WARN  Decompiling 010714f4, pcode error at 00e76d1c: Could not follow disassembly flow into non-existing memory at 00e76d1c (DecompileCallback)  
WARN  Decompiling 01071b0c, pcode error at 00ef1fc6: Could not follow disassembly flow into non-existing memory at 00ef1fc6 (DecompileCallback)  
WARN  Decompiling 0107330c, pcode error at 03e7fbaa: Could not follow disassembly flow into non-existing memory at 03e7fbaa (DecompileCallback)  
WARN  Decompiling 01073344, pcode error at 9132c0aa: Could not follow disassembly flow into non-existing memory at 9132c0aa (DecompileCallback)  
WARN  Decompiling 0107339c, pcode error at d8e03ce2: Could not follow disassembly flow into non-existing memory at d8e03ce2 (DecompileCallback)  
WARN  Decompiling 01073418, pcode error at 69e61e8e: Could not follow disassembly flow into non-existing memory at 69e61e8e (DecompileCallback)  
WARN  Decompiling 01073966, pcode error at 9c5f4eda: Could not follow disassembly flow into non-existing memory at 9c5f4eda (DecompileCallback)  
WARN  Decompiling 01073a70, pcode error at a50d56c0: Could not follow disassembly flow into non-existing memory at a50d56c0 (DecompileCallback)  
WARN  Decompiling 01073aa2, pcode error at a50d56de: Could not follow disassembly flow into non-existing memory at a50d56de (DecompileCallback)  
WARN  Decompiling 01073b86, pcode error at ad32c914: Could not follow disassembly flow into non-existing memory at ad32c914 (DecompileCallback)  
WARN  Decompiling 01073b86, pcode error at 72e4001a: Could not follow disassembly flow into non-existing memory at 72e4001a (DecompileCallback)  
WARN  Decompiling 0107425a, pcode error at 03e7cacc: Could not follow disassembly flow into non-existing memory at 03e7cacc (DecompileCallback)  
WARN  Decompiling 01074282, pcode error at 0288bea4: Could not follow disassembly flow into non-existing memory at 0288bea4 (DecompileCallback)  
WARN  Decompiling 010748e8, pcode error at 0178bfde: Could not follow disassembly flow into non-existing memory at 0178bfde (DecompileCallback)  
WARN  Decompiling 01074982, pcode error at 4a58c02c: Could not follow disassembly flow into non-existing memory at 4a58c02c (DecompileCallback)  
WARN  Decompiling 010749be, pcode error at 4133f7fa: Could not follow disassembly flow into non-existing memory at 4133f7fa (DecompileCallback)  
WARN  Decompiling 01077d82, pcode error at 61e814e2: Could not follow disassembly flow into non-existing memory at 61e814e2 (DecompileCallback)  
WARN  Decompiling 01077fe2, pcode error at 0107809a: Unable to resolve constructor at 0107809a (DecompileCallback)  
WARN  Decompiling 0107aff0, pcode error at 9d26d31c: Could not follow disassembly flow into non-existing memory at 9d26d31c (DecompileCallback)  
WARN  Decompiling 0107b302, pcode error at 79e598dc: Could not follow disassembly flow into non-existing memory at 79e598dc (DecompileCallback)  
WARN  Decompiling 0107b31a, pcode error at 79e598dc: Could not follow disassembly flow into non-existing memory at 79e598dc (DecompileCallback)  
WARN  Decompiling 0107b3c0, pcode error at 5de57334: Could not follow disassembly flow into non-existing memory at 5de57334 (DecompileCallback)  
WARN  Decompiling 0107b43c, pcode error at 5de57398: Could not follow disassembly flow into non-existing memory at 5de57398 (DecompileCallback)  
WARN  Decompiling 0107c0d2, pcode error at 92e4a800: Could not follow disassembly flow into non-existing memory at 92e4a800 (DecompileCallback)  
WARN  Decompiling 0107ee1a, pcode error at 611bb572: Could not follow disassembly flow into non-existing memory at 611bb572 (DecompileCallback)  
WARN  Decompiling 010817e0, pcode error at 71201e6c: Could not follow disassembly flow into non-existing memory at 71201e6c (DecompileCallback)  
WARN  Decompiling 010823d6, pcode error at 00eb85c4: Could not follow disassembly flow into non-existing memory at 00eb85c4 (DecompileCallback)  
WARN  Decompiling 01087744, pcode error at 005bbb62: Could not follow disassembly flow into non-existing memory at 005bbb62 (DecompileCallback)  
WARN  Decompiling 01088594, pcode error at 0d9191e8: Could not follow disassembly flow into non-existing memory at 0d9191e8 (DecompileCallback)  
WARN  Decompiling 010886a2, pcode error at 0d9192f8: Could not follow disassembly flow into non-existing memory at 0d9192f8 (DecompileCallback)  
WARN  Decompiling 01088d8a, pcode error at 0d9199e0: Could not follow disassembly flow into non-existing memory at 0d9199e0 (DecompileCallback)  
WARN  Decompiling 010892ca, pcode error at 6424973c: Could not follow disassembly flow into non-existing memory at 6424973c (DecompileCallback)  
WARN  Decompiling 010892da, pcode error at 6424973c: Could not follow disassembly flow into non-existing memory at 6424973c (DecompileCallback)  
WARN  Decompiling 010897de, pcode error at 8fe50432: Could not follow disassembly flow into non-existing memory at 8fe50432 (DecompileCallback)  
WARN  Decompiling 01089fd0, pcode error at 0979a3b2: Could not follow disassembly flow into non-existing memory at 0979a3b2 (DecompileCallback)  
WARN  Decompiling 0108aac0, pcode error at 0de4b272: Could not follow disassembly flow into non-existing memory at 0de4b272 (DecompileCallback)  
WARN  Decompiling 0108b384, pcode error at 00f0f3e4: Could not follow disassembly flow into non-existing memory at 00f0f3e4 (DecompileCallback)  
WARN  Decompiling 0108b616, pcode error at 00f0fc42: Could not follow disassembly flow into non-existing memory at 00f0fc42 (DecompileCallback)  
WARN  Decompiling 0108b616, pcode error at 00f0cb08: Could not follow disassembly flow into non-existing memory at 00f0cb08 (DecompileCallback)  
WARN  Decompiling 0108b6a0, pcode error at 00f0cb08: Could not follow disassembly flow into non-existing memory at 00f0cb08 (DecompileCallback)  
WARN  Decompiling 0108ca6a, pcode error at 00f0e760: Could not follow disassembly flow into non-existing memory at 00f0e760 (DecompileCallback)  
WARN  Decompiling 0108e09c, pcode error at 00f126c8: Could not follow disassembly flow into non-existing memory at 00f126c8 (DecompileCallback)  
WARN  Decompiling 0108e09c, pcode error at 00f0f58e: Could not follow disassembly flow into non-existing memory at 00f0f58e (DecompileCallback)  
WARN  Decompiling 0108e126, pcode error at 00f0f58e: Could not follow disassembly flow into non-existing memory at 00f0f58e (DecompileCallback)  
WARN  Decompiling 0108e61a, pcode error at 00f10454: Could not follow disassembly flow into non-existing memory at 00f10454 (DecompileCallback)  
WARN  Decompiling 0108e976, pcode error at 00f10566: Could not follow disassembly flow into non-existing memory at 00f10566 (DecompileCallback)  
WARN  Decompiling 0108e976, pcode error at 00f10976: Could not follow disassembly flow into non-existing memory at 00f10976 (DecompileCallback)  
WARN  Decompiling 010935fa, pcode error at be283640: Could not follow disassembly flow into non-existing memory at be283640 (DecompileCallback)  
WARN  Decompiling 01095c42, pcode error at 0aea5d0a: Could not follow disassembly flow into non-existing memory at 0aea5d0a (DecompileCallback)  
WARN  Decompiling 0109625e, pcode error at 8a2172e4: Could not follow disassembly flow into non-existing memory at 8a2172e4 (DecompileCallback)  
WARN  Decompiling 01096cf4, pcode error at 00287046: Could not follow disassembly flow into non-existing memory at 00287046 (DecompileCallback)  
WARN  Decompiling 01096f40, pcode error at 350a72e4: Could not follow disassembly flow into non-existing memory at 350a72e4 (DecompileCallback)  
WARN  Decompiling 01097f74, pcode error at 3f0a85d2: Could not follow disassembly flow into non-existing memory at 3f0a85d2 (DecompileCallback)  
WARN  Decompiling 01097f74, pcode error at 2de48d1c: Could not follow disassembly flow into non-existing memory at 2de48d1c (DecompileCallback)  
WARN  Decompiling 01097f74, pcode error at c7258400: Could not follow disassembly flow into non-existing memory at c7258400 (DecompileCallback)  
WARN  Decompiling 01098656, pcode error at ced091ca: Could not follow disassembly flow into non-existing memory at ced091ca (DecompileCallback)  
WARN  Decompiling 0109926c, pcode error at e9c0a2da: Could not follow disassembly flow into non-existing memory at e9c0a2da (DecompileCallback)  
WARN  Decompiling 0109a06c, pcode error at e9c187d2: Could not follow disassembly flow into non-existing memory at e9c187d2 (DecompileCallback)  
WARN  Decompiling 0109a6a6, pcode error at d727ab7e: Could not follow disassembly flow into non-existing memory at d727ab7e (DecompileCallback)  
WARN  Decompiling 0109aa5c, pcode error at 2ffa387e: Could not follow disassembly flow into non-existing memory at 2ffa387e (DecompileCallback)  
WARN  Decompiling 0109aa5c, pcode error at 03ea949e: Could not follow disassembly flow into non-existing memory at 03ea949e (DecompileCallback)  
WARN  Decompiling 0109aa5c, pcode error at b1d172b2: Could not follow disassembly flow into non-existing memory at b1d172b2 (DecompileCallback)  
WARN  Decompiling 0109aea2, pcode error at e1c1543a: Could not follow disassembly flow into non-existing memory at e1c1543a (DecompileCallback)  
WARN  Decompiling 0109bb98, pcode error at 2bc0c3e4: Could not follow disassembly flow into non-existing memory at 2bc0c3e4 (DecompileCallback)  
WARN  Decompiling 0109bb98, pcode error at e9e58610: Could not follow disassembly flow into non-existing memory at e9e58610 (DecompileCallback)  
WARN  Decompiling 0109f02a, pcode error at 7c2920a0: Could not follow disassembly flow into non-existing memory at 7c2920a0 (DecompileCallback)  
WARN  Decompiling 0109fa78, pcode error at 15e483d2: Could not follow disassembly flow into non-existing memory at 15e483d2 (DecompileCallback)  
WARN  Decompiling 0109fbd6, pcode error at 49c25efa: Could not follow disassembly flow into non-existing memory at 49c25efa (DecompileCallback)  
WARN  Decompiling 010a048a, pcode error at 88420352: Could not follow disassembly flow into non-existing memory at 88420352 (DecompileCallback)  
WARN  Decompiling 010a0dc6, pcode error at 030abab2: Could not follow disassembly flow into non-existing memory at 030abab2 (DecompileCallback)  
WARN  Decompiling 010a0dfa, pcode error at 030abab2: Could not follow disassembly flow into non-existing memory at 030abab2 (DecompileCallback)  
WARN  Decompiling 010a208a, pcode error at 15b2b000: Could not follow disassembly flow into non-existing memory at 15b2b000 (DecompileCallback)  
WARN  Decompiling 010a2490, pcode error at 9528c0ac: Could not follow disassembly flow into non-existing memory at 9528c0ac (DecompileCallback)  
WARN  Decompiling 010a26da, pcode error at 00f22f12: Could not follow disassembly flow into non-existing memory at 00f22f12 (DecompileCallback)  
WARN  Decompiling 010a26da, pcode error at 5142ec18: Could not follow disassembly flow into non-existing memory at 5142ec18 (DecompileCallback)  
WARN  Decompiling 010a56dc, pcode error at a97d7704: Could not follow disassembly flow into non-existing memory at a97d7704 (DecompileCallback)  
WARN  Decompiling 010a6114: Unable to read bytes at ram:00000002 (DecompileCallback)  
WARN  Decompiling 010a66d0, pcode error at 23e54f58: Could not follow disassembly flow into non-existing memory at 23e54f58 (DecompileCallback)  
WARN  Decompiling 010a6856, pcode error at 840b48dc: Could not follow disassembly flow into non-existing memory at 840b48dc (DecompileCallback)  
WARN  Decompiling 010a68e4, pcode error at df3dacb2: Could not follow disassembly flow into non-existing memory at df3dacb2 (DecompileCallback)  
WARN  Decompiling 010a7874, pcode error at 25e47fb8: Could not follow disassembly flow into non-existing memory at 25e47fb8 (DecompileCallback)  
WARN  Decompiling 010a818e, pcode error at 453f83dc: Could not follow disassembly flow into non-existing memory at 453f83dc (DecompileCallback)  
WARN  Decompiling 010acb9e, pcode error at c97b02aa: Could not follow disassembly flow into non-existing memory at c97b02aa (DecompileCallback)  
WARN  Decompiling 010acb9e, pcode error at 010b132c: Unable to resolve constructor at 010b132c (DecompileCallback)  
WARN  Decompiling 010ae43c, pcode error at df2a1b96: Could not follow disassembly flow into non-existing memory at df2a1b96 (DecompileCallback)  
WARN  Decompiling 010af0f0, pcode error at 49c35414: Could not follow disassembly flow into non-existing memory at 49c35414 (DecompileCallback)  
WARN  Decompiling 010af486, pcode error at cd3c88c8: Could not follow disassembly flow into non-existing memory at cd3c88c8 (DecompileCallback)  
WARN  Decompiling 010b97b2, pcode error at 41eca482: Could not follow disassembly flow into non-existing memory at 41eca482 (DecompileCallback)  
WARN  Decompiling 010b97b2, pcode error at d9e97f5c: Could not follow disassembly flow into non-existing memory at d9e97f5c (DecompileCallback)  
WARN  Decompiling 010b97b2, pcode error at c9e96118: Could not follow disassembly flow into non-existing memory at c9e96118 (DecompileCallback)  
WARN  Decompiling 010b9bb0, pcode error at c9e96118: Could not follow disassembly flow into non-existing memory at c9e96118 (DecompileCallback)  
WARN  Decompiling 010ba2f0, pcode error at 59eb496c: Could not follow disassembly flow into non-existing memory at 59eb496c (DecompileCallback)  
WARN  Decompiling 010ba46c, pcode error at 91ed4cd8: Could not follow disassembly flow into non-existing memory at 91ed4cd8 (DecompileCallback)  
WARN  Decompiling 010ba46c, pcode error at 1954ac70: Could not follow disassembly flow into non-existing memory at 1954ac70 (DecompileCallback)  
WARN  Decompiling 010ba506, pcode error at 1954ac70: Could not follow disassembly flow into non-existing memory at 1954ac70 (DecompileCallback)  
WARN  Decompiling 010ba5b4, pcode error at 050c8e0c: Could not follow disassembly flow into non-existing memory at 050c8e0c (DecompileCallback)  
WARN  Decompiling 010ba92a, pcode error at 09ea4fa4: Could not follow disassembly flow into non-existing memory at 09ea4fa4 (DecompileCallback)  
WARN  Decompiling 010baa90, pcode error at b1ecaefc: Could not follow disassembly flow into non-existing memory at b1ecaefc (DecompileCallback)  
WARN  Decompiling 010babaa, pcode error at 03ec3448: Could not follow disassembly flow into non-existing memory at 03ec3448 (DecompileCallback)  
WARN  Decompiling 010babf2, pcode error at 39ea9574: Could not follow disassembly flow into non-existing memory at 39ea9574 (DecompileCallback)  
WARN  Decompiling 010bb166, pcode error at 850cb0ba: Could not follow disassembly flow into non-existing memory at 850cb0ba (DecompileCallback)  
WARN  Decompiling 010bb166, pcode error at 0b5fc31a: Could not follow disassembly flow into non-existing memory at 0b5fc31a (DecompileCallback)  
WARN  Decompiling 010bb288, pcode error at 0b5fc31a: Could not follow disassembly flow into non-existing memory at 0b5fc31a (DecompileCallback)  
WARN  Decompiling 010bcbf6, pcode error at c7280172: Could not follow disassembly flow into non-existing memory at c7280172 (DecompileCallback)  
WARN  Decompiling 010bce92, pcode error at ef25515a: Could not follow disassembly flow into non-existing memory at ef25515a (DecompileCallback)  
WARN  Decompiling 010bd452, pcode error at 77b9da1e: Could not follow disassembly flow into non-existing memory at 77b9da1e (DecompileCallback)  
WARN  Decompiling 010bd5ac, pcode error at c8b8702a: Could not follow disassembly flow into non-existing memory at c8b8702a (DecompileCallback)  
WARN  Decompiling 010be6b4, pcode error at 01288a7c: Could not follow disassembly flow into non-existing memory at 01288a7c (DecompileCallback)  
WARN  Decompiling 010be6b4, pcode error at 380cb920: Could not follow disassembly flow into non-existing memory at 380cb920 (DecompileCallback)  
WARN  Decompiling 010beac8, pcode error at 2fc2f59c: Could not follow disassembly flow into non-existing memory at 2fc2f59c (DecompileCallback)  
WARN  Decompiling 010beac8, pcode error at d1b8780e: Could not follow disassembly flow into non-existing memory at d1b8780e (DecompileCallback)  
WARN  Decompiling 010beac8, pcode error at 44e679f6: Could not follow disassembly flow into non-existing memory at 44e679f6 (DecompileCallback)  
WARN  Decompiling 010bec2a, pcode error at c98858de: Could not follow disassembly flow into non-existing memory at c98858de (DecompileCallback)  
WARN  Decompiling 010bf7ec, pcode error at 050c6d3a: Could not follow disassembly flow into non-existing memory at 050c6d3a (DecompileCallback)  
WARN  Decompiling 010bfac0, pcode error at 497d1110: Could not follow disassembly flow into non-existing memory at 497d1110 (DecompileCallback)  
WARN  Decompiling 010c0ea0, pcode error at 85e9dd14: Could not follow disassembly flow into non-existing memory at 85e9dd14 (DecompileCallback)  
WARN  Decompiling 010c0ea0, pcode error at 91e9dda6: Could not follow disassembly flow into non-existing memory at 91e9dda6 (DecompileCallback)  
WARN  Decompiling 010c10d0, pcode error at 91e9dda6: Could not follow disassembly flow into non-existing memory at 91e9dda6 (DecompileCallback)  
WARN  Decompiling 010c10d0, pcode error at 85e9dd14: Could not follow disassembly flow into non-existing memory at 85e9dd14 (DecompileCallback)  
WARN  Decompiling 010c5c1e, pcode error at b1e4e682: Could not follow disassembly flow into non-existing memory at b1e4e682 (DecompileCallback)  
WARN  Decompiling 010c5f6c, pcode error at b1e54bd2: Could not follow disassembly flow into non-existing memory at b1e54bd2 (DecompileCallback)  
WARN  Decompiling 010c5f6c, pcode error at 00fd1274: Could not follow disassembly flow into non-existing memory at 00fd1274 (DecompileCallback)  
WARN  Decompiling 010c5f6c, pcode error at 31b8c81e: Could not follow disassembly flow into non-existing memory at 31b8c81e (DecompileCallback)  
WARN  Decompiling 010c5f6c, pcode error at e90fe6b4: Could not follow disassembly flow into non-existing memory at e90fe6b4 (DecompileCallback)  
WARN  Decompiling 010c670a, pcode error at 0c608436: Could not follow disassembly flow into non-existing memory at 0c608436 (DecompileCallback)  
WARN  Decompiling 010c7106, pcode error at b1b83848: Could not follow disassembly flow into non-existing memory at b1b83848 (DecompileCallback)  
WARN  Decompiling 010c7586, pcode error at 897d860e: Could not follow disassembly flow into non-existing memory at 897d860e (DecompileCallback)  
WARN  Decompiling 010c7a7a, pcode error at 99e445d8: Could not follow disassembly flow into non-existing memory at 99e445d8 (DecompileCallback)  
WARN  Decompiling 010c7b1a, pcode error at 0a418b64: Could not follow disassembly flow into non-existing memory at 0a418b64 (DecompileCallback)  
WARN  Decompiling 010c7bee, pcode error at 0940cc5c: Could not follow disassembly flow into non-existing memory at 0940cc5c (DecompileCallback)  
WARN  Decompiling 010c7dd4, pcode error at 29e3232a: Could not follow disassembly flow into non-existing memory at 29e3232a (DecompileCallback)  
WARN  Decompiling 010c7e50, pcode error at c9e384b4: Could not follow disassembly flow into non-existing memory at c9e384b4 (DecompileCallback)  
WARN  Decompiling 010c7e62, pcode error at 0be37eac: Could not follow disassembly flow into non-existing memory at 0be37eac (DecompileCallback)  
WARN  Decompiling 010c8198, pcode error at 3de347fa: Could not follow disassembly flow into non-existing memory at 3de347fa (DecompileCallback)  
WARN  Decompiling 010c8230, pcode error at dd4e825a: Could not follow disassembly flow into non-existing memory at dd4e825a (DecompileCallback)  
WARN  Decompiling 010c82f0, pcode error at 61e38e4a: Could not follow disassembly flow into non-existing memory at 61e38e4a (DecompileCallback)  
WARN  Decompiling 010c8490, pcode error at 8d2984c4: Could not follow disassembly flow into non-existing memory at 8d2984c4 (DecompileCallback)  
WARN  Decompiling 010c884a, pcode error at dd5693b8: Could not follow disassembly flow into non-existing memory at dd5693b8 (DecompileCallback)  
WARN  Decompiling 010c8c2a, pcode error at 5175ef5c: Could not follow disassembly flow into non-existing memory at 5175ef5c (DecompileCallback)  
WARN  Decompiling 010c8de0, pcode error at 01edee5e: Could not follow disassembly flow into non-existing memory at 01edee5e (DecompileCallback)  
WARN  Decompiling 010c900a, pcode error at 91295686: Could not follow disassembly flow into non-existing memory at 91295686 (DecompileCallback)  
WARN  Decompiling 010c9206, pcode error at 3de49e90: Could not follow disassembly flow into non-existing memory at 3de49e90 (DecompileCallback)  
WARN  Decompiling 010c9374, pcode error at 88619cbc: Could not follow disassembly flow into non-existing memory at 88619cbc (DecompileCallback)  
WARN  Decompiling 010c9ebe, pcode error at aae3a708: Could not follow disassembly flow into non-existing memory at aae3a708 (DecompileCallback)  
WARN  Decompiling 010ca00e, pcode error at 292b6744: Could not follow disassembly flow into non-existing memory at 292b6744 (DecompileCallback)  
WARN  Decompiling 010ca0d8, pcode error at 04b52c34: Could not follow disassembly flow into non-existing memory at 04b52c34 (DecompileCallback)  
WARN  Decompiling 010ca1e2, pcode error at 04b52d3e: Could not follow disassembly flow into non-existing memory at 04b52d3e (DecompileCallback)  
WARN  Decompiling 010ca2f2, pcode error at 04b52e4e: Could not follow disassembly flow into non-existing memory at 04b52e4e (DecompileCallback)  
WARN  Decompiling 010cac5a, pcode error at e85cac9a: Could not follow disassembly flow into non-existing memory at e85cac9a (DecompileCallback)  
WARN  Decompiling 010cac98, pcode error at ebe376d6: Could not follow disassembly flow into non-existing memory at ebe376d6 (DecompileCallback)  
WARN  Decompiling 010cb1d4, pcode error at 01e41fd8: Could not follow disassembly flow into non-existing memory at 01e41fd8 (DecompileCallback)  
WARN  Decompiling 010cb3c2, pcode error at 01ee1464: Could not follow disassembly flow into non-existing memory at 01ee1464 (DecompileCallback)  
WARN  Decompiling 010cb7de, pcode error at 01e4203c: Could not follow disassembly flow into non-existing memory at 01e4203c (DecompileCallback)  
WARN  Decompiling 010cb998, pcode error at cc07cc26: Could not follow disassembly flow into non-existing memory at cc07cc26 (DecompileCallback)  
WARN  Decompiling 010cbd72, pcode error at 91adbe94: Could not follow disassembly flow into non-existing memory at 91adbe94 (DecompileCallback)  
WARN  Decompiling 010cbd72, pcode error at e005c96a: Could not follow disassembly flow into non-existing memory at e005c96a (DecompileCallback)  
WARN  Decompiling 010cbd72, pcode error at a85d14d6: Could not follow disassembly flow into non-existing memory at a85d14d6 (DecompileCallback)  
WARN  Decompiling 010cbd72, pcode error at 6d40c04c: Could not follow disassembly flow into non-existing memory at 6d40c04c (DecompileCallback)  
WARN  Decompiling 010cc812, pcode error at f3dcd454: Could not follow disassembly flow into non-existing memory at f3dcd454 (DecompileCallback)  
WARN  Decompiling 010cd194, pcode error at 418eb8bc: Could not follow disassembly flow into non-existing memory at 418eb8bc (DecompileCallback)  
WARN  Decompiling 010cd1ba, pcode error at 49e19836: Could not follow disassembly flow into non-existing memory at 49e19836 (DecompileCallback)  
WARN  Decompiling 010cd328, pcode error at 8668da5a: Could not follow disassembly flow into non-existing memory at 8668da5a (DecompileCallback)  
WARN  Decompiling 010cd36a, pcode error at 4de157e4: Could not follow disassembly flow into non-existing memory at 4de157e4 (DecompileCallback)  
WARN  Decompiling 010cddd0, pcode error at 69e1c536: Could not follow disassembly flow into non-existing memory at 69e1c536 (DecompileCallback)  
WARN  Decompiling 010cded4, pcode error at 69e1c63a: Could not follow disassembly flow into non-existing memory at 69e1c63a (DecompileCallback)  
WARN  Decompiling 010ce118, pcode error at 03ed8a7a: Could not follow disassembly flow into non-existing memory at 03ed8a7a (DecompileCallback)  
WARN  Decompiling 010ce118, pcode error at db0ee2ba: Could not follow disassembly flow into non-existing memory at db0ee2ba (DecompileCallback)  
WARN  Decompiling 010ce12e, pcode error at bd57c88e: Could not follow disassembly flow into non-existing memory at bd57c88e (DecompileCallback)  
WARN  Decompiling 010ce1e4, pcode error at 03ed8a7a: Could not follow disassembly flow into non-existing memory at 03ed8a7a (DecompileCallback)  
WARN  Decompiling 010ce1e4, pcode error at db0ee2ba: Could not follow disassembly flow into non-existing memory at db0ee2ba (DecompileCallback)  
WARN  Decompiling 010ce280, pcode error at b957a8dc: Could not follow disassembly flow into non-existing memory at b957a8dc (DecompileCallback)  
WARN  Decompiling 010ce8da, pcode error at 89deaf58: Could not follow disassembly flow into non-existing memory at 89deaf58 (DecompileCallback)  
WARN  Decompiling 010ce8da, pcode error at 89deb000: Could not follow disassembly flow into non-existing memory at 89deb000 (DecompileCallback)  
WARN  Decompiling 010ce8da, pcode error at f1dd8e72: Could not follow disassembly flow into non-existing memory at f1dd8e72 (DecompileCallback)  
WARN  Decompiling 010ce8da, pcode error at 89deb0a6: Could not follow disassembly flow into non-existing memory at 89deb0a6 (DecompileCallback)  
WARN  Decompiling 010ceb3e, pcode error at b9e0f844: Could not follow disassembly flow into non-existing memory at b9e0f844 (DecompileCallback)  
WARN  Decompiling 010cf148, pcode error at 81b87676: Could not follow disassembly flow into non-existing memory at 81b87676 (DecompileCallback)  
WARN  Decompiling 010cf322, pcode error at fd5a9b8c: Could not follow disassembly flow into non-existing memory at fd5a9b8c (DecompileCallback)  
WARN  Decompiling 010cf398, pcode error at 03ed7c16: Could not follow disassembly flow into non-existing memory at 03ed7c16 (DecompileCallback)  
WARN  Decompiling 010cf544, pcode error at fd5a9dc4: Could not follow disassembly flow into non-existing memory at fd5a9dc4 (DecompileCallback)  
WARN  Decompiling 010cf544, pcode error at a1ddfc74: Could not follow disassembly flow into non-existing memory at a1ddfc74 (DecompileCallback)  
WARN  Decompiling 010cf598, pcode error at 03edde1c: Could not follow disassembly flow into non-existing memory at 03edde1c (DecompileCallback)  
WARN  Decompiling 010cf62a, pcode error at e97d2614: Could not follow disassembly flow into non-existing memory at e97d2614 (DecompileCallback)  
WARN  Decompiling 010cf794, pcode error at 7fe103ce: Could not follow disassembly flow into non-existing memory at 7fe103ce (DecompileCallback)  
WARN  Decompiling 010cf7e0, pcode error at 81b88134: Could not follow disassembly flow into non-existing memory at 81b88134 (DecompileCallback)  
WARN  Decompiling 010cf7e0, pcode error at a1ddfe2e: Could not follow disassembly flow into non-existing memory at a1ddfe2e (DecompileCallback)  
WARN  Decompiling 010cf970, pcode error at c9804ce6: Could not follow disassembly flow into non-existing memory at c9804ce6 (DecompileCallback)  
WARN  Decompiling 010d0c98, pcode error at 03edd510: Could not follow disassembly flow into non-existing memory at 03edd510 (DecompileCallback)  
WARN  Decompiling 010d0e68, pcode error at 03edd6e0: Could not follow disassembly flow into non-existing memory at 03edd6e0 (DecompileCallback)  
WARN  Decompiling 010d126c, pcode error at 82e1fa3e: Could not follow disassembly flow into non-existing memory at 82e1fa3e (DecompileCallback)  
WARN  Decompiling 010d13ac, pcode error at 78e1bcf4: Could not follow disassembly flow into non-existing memory at 78e1bcf4 (DecompileCallback)  
WARN  Decompiling 010d146e, pcode error at 9f0db4f4: Could not follow disassembly flow into non-existing memory at 9f0db4f4 (DecompileCallback)  
WARN  Decompiling 010d18de, pcode error at cd5cdf3e: Could not follow disassembly flow into non-existing memory at cd5cdf3e (DecompileCallback)  
WARN  Decompiling 010d2220, pcode error at 0d2532b0: Could not follow disassembly flow into non-existing memory at 0d2532b0 (DecompileCallback)  
WARN  Decompiling 010d2cde, pcode error at c4dfd92a: Could not follow disassembly flow into non-existing memory at c4dfd92a (DecompileCallback)  
WARN  Decompiling 010d454e, pcode error at a75651f2: Could not follow disassembly flow into non-existing memory at a75651f2 (DecompileCallback)  
WARN  Decompiling 010d4b66, pcode error at a95717b4: Could not follow disassembly flow into non-existing memory at a95717b4 (DecompileCallback)  
WARN  Decompiling 010d51c8, pcode error at ca41722e: Could not follow disassembly flow into non-existing memory at ca41722e (DecompileCallback)  
WARN  Decompiling 010d55a0, pcode error at 95e2fff8: Could not follow disassembly flow into non-existing memory at 95e2fff8 (DecompileCallback)  
WARN  Decompiling 010d5770, pcode error at 297eaef6: Could not follow disassembly flow into non-existing memory at 297eaef6 (DecompileCallback)  
WARN  Decompiling 010d5a78, pcode error at 016d6216: Could not follow disassembly flow into non-existing memory at 016d6216 (DecompileCallback)  
WARN  Decompiling 010d5bf6, pcode error at 016d6394: Could not follow disassembly flow into non-existing memory at 016d6394 (DecompileCallback)  
WARN  Decompiling 010d5bf6, pcode error at 84e1c3c6: Could not follow disassembly flow into non-existing memory at 84e1c3c6 (DecompileCallback)  
WARN  Decompiling 010d6850, pcode error at c9704886: Could not follow disassembly flow into non-existing memory at c9704886 (DecompileCallback)  
WARN  Decompiling 010d699c, pcode error at db5fe9b6: Could not follow disassembly flow into non-existing memory at db5fe9b6 (DecompileCallback)  
WARN  Decompiling 010d717c, pcode error at 6d4174fa: Could not follow disassembly flow into non-existing memory at 6d4174fa (DecompileCallback)  
WARN  Decompiling 010d78d8, pcode error at 91ae79fa: Could not follow disassembly flow into non-existing memory at 91ae79fa (DecompileCallback)  
WARN  Decompiling 010d78d8, pcode error at a85dd03c: Could not follow disassembly flow into non-existing memory at a85dd03c (DecompileCallback)  
WARN  Decompiling 010d7ad6, pcode error at 0d41ae30: Could not follow disassembly flow into non-existing memory at 0d41ae30 (DecompileCallback)  
WARN  Decompiling 010d8192, pcode error at 852994c4: Could not follow disassembly flow into non-existing memory at 852994c4 (DecompileCallback)  
WARN  Decompiling 010d8b7e, pcode error at 010da5f6: Unable to resolve constructor at 010da5f6 (DecompileCallback)  
WARN  Decompiling 010da010, pcode error at 010da5f6: Unable to resolve constructor at 010da5f6 (DecompileCallback)  
WARN  Decompiling 010e2ff0, pcode error at 010e3074: Unable to resolve constructor at 010e3074 (DecompileCallback)  
WARN  Decompiling 010ed422, pcode error at 010ffff0: Could not follow disassembly flow into non-existing memory at 010ffff0 (DecompileCallback)  
INFO  MeasureQuality.java> MEASURE total=897 halt_baddata=230 bad_bm=357 median_size=60 (GhidraScript)  
